<?xml version="1.0" encoding="UTF-8"?>
<!-- Generated by org.testng.reporters.JUnitReportReporter -->
<testsuite hostname="ATMECSBLRLT-042" failures="0" tests="1" name="com.atmecs.travel_booking.BookingTest" time="29.555" errors="0" timestamp="2020-10-06T13:25:09 IST" skipped="0">
  <testcase classname="com.atmecs.travel_booking.BookingTest" name="bookingTest" time="29.555"/>
  <system-out/>
</testsuite> <!-- com.atmecs.travel_booking.BookingTest -->
