<?xml version="1.0" encoding="UTF-8"?>
<!-- Generated by org.testng.reporters.JUnitReportReporter -->
<testsuite hostname="ATMECSBLRLT-042" failures="0" tests="1" name="com.atmecs.excel.dataprovider.ChatExcelTest" time="38.731" errors="0" timestamp="2020-09-30T13:47:53 IST" skipped="0">
  <testcase classname="com.atmecs.excel.dataprovider.ChatExcelTest" name="chatData" time="38.731"/>
  <system-out/>
</testsuite> <!-- com.atmecs.excel.dataprovider.ChatExcelTest -->
