<?xml version="1.0" encoding="UTF-8"?>
<!-- Generated by org.testng.reporters.JUnitReportReporter -->
<testsuite hostname="ATMECSBLRLT-042" failures="0" tests="2" name="com.atmecs.excel.dataprovider.PhpChatExcelTest" time="131.043" errors="0" timestamp="2020-10-07T16:18:24 IST" skipped="0">
  <testcase classname="com.atmecs.excel.dataprovider.PhpChatExcelTest" name="chatData" time="54.284"/>
  <system-out/>
  <testcase classname="com.atmecs.excel.dataprovider.PhpChatExcelTest" name="chatData" time="76.759"/>
  <system-out/>
</testsuite> <!-- com.atmecs.excel.dataprovider.PhpChatExcelTest -->
