<?xml version="1.0" encoding="UTF-8"?>
<!-- Generated by org.testng.reporters.JUnitReportReporter -->
<testsuite hostname="ATMECSBLRLT-042" failures="0" tests="2" name="com.atmecs.excel.dataprovider.PhpChatExcelTest" time="102.351" errors="0" timestamp="2020-10-06T12:50:27 IST" skipped="0">
  <testcase classname="com.atmecs.excel.dataprovider.PhpChatExcelTest" name="chatData" time="51.778"/>
  <system-out/>
  <testcase classname="com.atmecs.excel.dataprovider.PhpChatExcelTest" name="chatData" time="50.573"/>
  <system-out/>
</testsuite> <!-- com.atmecs.excel.dataprovider.PhpChatExcelTest -->
